16:26:29.819 INFO  --------------------------- 开始编译 --------------------------- 
16:26:29.819 INFO  程序运行目录: C:\Users\my\Documents\GitHub\Medal-of-Honor 
16:26:29.819 INFO  首次启动! 
16:26:29.819 INFO  生成版本号: d6gp04lc8wp 
16:26:29.819 INFO  清理资源文件夹: C:\Users\my\Documents\GitHub\Medal-of-Honor\dist\static 
16:26:29.820 INFO  文件夹不存在: C:\Users\my\Documents\GitHub\Medal-of-Honor\dist\static 
16:26:29.820 INFO  创建文件夹: C:\Users\my\Documents\GitHub\Medal-of-Honor\dist\static 
16:26:29.820 INFO  读取模板文件: C:\Users\my\Documents\GitHub\pack\lib\index.html 
16:26:29.820 DEBUG 读取网页标题: {TAG_14226_TAG} 
16:26:29.820 DEBUG 处理页面源信息: [{"http-equiv":"content-type","content":"text/html; charset=UTF-8"},{"name":"viewport","content":"width=device-width, initial-scale=1.0, maximum-scale=1.0, minimum-scale=1.0, user-scalable=no"},{"name":"format-detection","content":"telephone=no, email=no"},{"name":"apple-mobile-web-app-capable","content":"yes"},{"name":"apple-mobile-web-app-status-bar-style","content":"white"},{"name":"renderer","content":"webkit"},{"http-equiv":"X-UA-Compatible","content":"IE=edge,chrome=1"},{"name":"filetype","content":"1"},{"name":"publishedtype","content":"1"},{"name":"pagetype","content":"2"},{"name":"screen-orientation","content":"landscape"},{"name":"x5-orientation","content":"landscape"},{"name":"full-screen","content":"yes"},{"name":"x5-fullscreen","content":"true"},{"name":"browsermode","content":"application"},{"name":"x5-page-mode","content":"app"}] 
16:26:29.821 DEBUG 模块 home 因名称重复被重命名为 home0 
16:26:29.821 INFO  开始处理模块: home 
16:26:30.334 INFO  开始处理模块: home 
16:26:30.334 DEBUG 使用文件缓存:C:\Users\my\Documents\GitHub\Medal-of-Honor\owo_modules\2d1b1bd77ff86faaf02ea76049d3e007.owo 
16:26:30.388 DEBUG 缓存模板: copyrightundefined 
16:26:30.391 DEBUG 模板home处理用时: 58 毫秒! 
16:26:30.409 DEBUG 发现 keyframes 规则: fade 
16:26:30.409 DEBUG 缓存模板: home./src/page/home.page 
16:26:30.410 DEBUG 模板home处理用时: 589 毫秒! 
16:26:30.410 DEBUG 模块 one 因名称重复被重命名为 one0 
16:26:30.410 INFO  开始处理模块: one 
16:26:30.420 DEBUG 缓存模板: one./src/page/one.owo 
16:26:30.420 DEBUG 模板one处理用时: 10 毫秒! 
16:26:30.420 DEBUG 模块 two 因名称重复被重命名为 two0 
16:26:30.420 INFO  开始处理模块: two 
16:26:30.451 DEBUG 发现 keyframes 规则: myfirst 
16:26:30.451 DEBUG 发现 keyframes 规则: myfirst2 
16:26:30.451 DEBUG 发现 keyframes 规则: myfirst3 
16:26:30.451 DEBUG 发现 keyframes 规则: myfirst4 
16:26:30.452 DEBUG 缓存模板: two./src/page/two.owo 
16:26:30.452 DEBUG 模板two处理用时: 32 毫秒! 
16:26:30.453 INFO  文件夹不存在: C:/Users/my/Documents/GitHub/Medal-of-Honor/dist/static/resource 
16:26:30.454 INFO  创建文件夹: C:/Users/my/Documents/GitHub/Medal-of-Honor/dist/static/resource 
16:26:30.455 DEBUG 处理资源: ["C:/Users/my/Documents/GitHub/Medal-of-Honor/src/resource/one-phone-2.png","C:/Users/my/Documents/GitHub/Medal-of-Honor/src/resource/two-6.png"] 
16:26:30.455 DEBUG 资源目录: C:/Users/my/Documents/GitHub/Medal-of-Honor/dist/static/resource 
16:26:30.457 DEBUG css中的资源处理完毕! 
16:26:30.457 DEBUG 使用postcss处理样式，使用了1个插件! 
16:26:30.518 INFO  文件夹不存在: C:\Users\my\Documents\GitHub\Medal-of-Honor\dist\static\css 
16:26:30.518 INFO  创建文件夹: C:\Users\my\Documents\GitHub\Medal-of-Honor\dist\static\css 
16:26:30.518 INFO  开始处理附属css中的资源 
16:26:30.518 INFO  附属css中的资源处理完毕! 
16:26:30.519 INFO  处理字体:{} 
16:26:30.528 INFO  使用postcss处理完毕! 用时: 71 毫秒 
16:26:30.528 DEBUG 需要经过特殊处理的css: [["[template=\"copyright\"] .footer:",".footer[template=\"copyright\"]:"],["[template=\"copyright\"] .footer ",".footer[template=\"copyright\"] "],["[template=\"copyright\"] .footer{",".footer[template=\"copyright\"]{"],["[template=\"copyright\"] div:","div[template=\"copyright\"]:"],["[template=\"copyright\"] div ","div[template=\"copyright\"] "],["[template=\"copyright\"] div{","div[template=\"copyright\"]{"],["[template=\"home\"] .one:",".one[template=\"home\"]:"],["[template=\"home\"] .one ",".one[template=\"home\"] "],["[template=\"home\"] .one{",".one[template=\"home\"]{"],["[template=\"home\"] div:","div[template=\"home\"]:"],["[template=\"home\"] div ","div[template=\"home\"] "],["[template=\"home\"] div{","div[template=\"home\"]{"],["[template=\"one\"] .one-phone:",".one-phone[template=\"one\"]:"],["[template=\"one\"] .one-phone ",".one-phone[template=\"one\"] "],["[template=\"one\"] .one-phone{",".one-phone[template=\"one\"]{"],["[template=\"one\"] div:","div[template=\"one\"]:"],["[template=\"one\"] div ","div[template=\"one\"] "],["[template=\"one\"] div{","div[template=\"one\"]{"],["[template=\"two\"] .two:",".two[template=\"two\"]:"],["[template=\"two\"] .two ",".two[template=\"two\"] "],["[template=\"two\"] .two{",".two[template=\"two\"]{"],["[template=\"two\"] div:","div[template=\"two\"]:"],["[template=\"two\"] div ","div[template=\"two\"] "],["[template=\"two\"] div{","div[template=\"two\"]{"]] 
16:26:30.529 INFO  正在处理script! 
16:26:30.530 DEBUG 处理资源: ["C:/Users/my/Documents/GitHub/Medal-of-Honor/src/resource/one-19-2.png","C:/Users/my/Documents/GitHub/Medal-of-Honor/src/resource/one-19.png"] 
16:26:30.530 DEBUG 资源目录: C:/Users/my/Documents/GitHub/Medal-of-Honor/dist/static/resource 
16:26:30.531 INFO  工程中包含多个页面! 
16:26:30.531 INFO  包含有页面切换动画! 
16:26:30.531 INFO  动画列表: scaleDown,moveFromRight,moveFromLeft 
16:26:30.533 INFO  文件夹不存在: C:\Users\my\Documents\GitHub\Medal-of-Honor\dist\static\js 
16:26:30.534 INFO  创建文件夹: C:\Users\my\Documents\GitHub\Medal-of-Honor\dist\static\js 
16:26:31.433 INFO  js中的资源处理完毕! 
16:26:31.434 DEBUG 处理引用脚本: [{"name":"jquery1.11.0","src":"http://tools.people.com.cn/libs/jquery/1.11.1/jquery-1.11.1.min.js"},{"name":"swiper","src":"./src/resource/swiper.js"},{"name":"main","src":"./src/main.js","resource":true}] 
16:26:31.434 DEBUG 外部脚本数量: 3 
16:26:31.434 DEBUG 处理脚本: jquery1.11.0 
16:26:31.434 DEBUG 网络脚本: jquery1.11.0 
16:26:31.434 DEBUG 处理脚本: swiper 
16:26:31.434 INFO  读取文件: C:\Users\my\Documents\GitHub\Medal-of-Honor\src\resource\swiper.js 
16:26:31.434 DEBUG 处理脚本: main 
16:26:31.434 INFO  读取文件: C:\Users\my\Documents\GitHub\Medal-of-Honor\src\main.js 
16:26:31.434 DEBUG 输出scriptData 
16:26:31.435 INFO  写文件: C:\Users\my\Documents\GitHub\Medal-of-Honor\dist\static\css\owo.animation.d6gp04lc8wp.css 
16:26:31.436 INFO  写文件: C:\Users\my\Documents\GitHub\Medal-of-Honor\dist\static\css\owo.animate.d6gp04lc8wp.css 
16:26:31.436 DEBUG 准备输出html! 
16:26:31.437 DEBUG 忽略文件: C:/Users/my/Documents/GitHub/Medal-of-Honor/src/resource/light.png 
16:26:31.438 DEBUG 忽略文件: C:/Users/my/Documents/GitHub/Medal-of-Honor/src/resource/one-19.png 
16:26:31.439 DEBUG 忽略文件: C:/Users/my/Documents/GitHub/Medal-of-Honor/src/resource/people-1.jpg 
16:26:31.439 DEBUG 忽略文件: C:/Users/my/Documents/GitHub/Medal-of-Honor/src/resource/people-2.jpg 
16:26:31.439 DEBUG 忽略文件: C:/Users/my/Documents/GitHub/Medal-of-Honor/src/resource/people-3.jpg 
16:26:31.439 DEBUG 忽略文件: C:/Users/my/Documents/GitHub/Medal-of-Honor/src/resource/people-3.jpg 
16:26:31.439 DEBUG 忽略文件: C:/Users/my/Documents/GitHub/Medal-of-Honor/src/resource/people-2.jpg 
16:26:31.439 DEBUG 忽略文件: C:/Users/my/Documents/GitHub/Medal-of-Honor/src/resource/people-1.jpg 
16:26:31.439 DEBUG 忽略文件: C:/Users/my/Documents/GitHub/Medal-of-Honor/src/resource/people-3.jpg 
16:26:31.439 DEBUG 忽略文件: C:/Users/my/Documents/GitHub/Medal-of-Honor/src/resource/people-2.jpg 
16:26:31.439 DEBUG 忽略文件: C:/Users/my/Documents/GitHub/Medal-of-Honor/src/resource/people-1.jpg 
16:26:31.439 DEBUG 忽略文件: C:/Users/my/Documents/GitHub/Medal-of-Honor/src/resource/people-3.jpg 
16:26:31.439 DEBUG 忽略文件: C:/Users/my/Documents/GitHub/Medal-of-Honor/src/resource/people-2.jpg 
16:26:31.439 DEBUG 忽略文件: C:/Users/my/Documents/GitHub/Medal-of-Honor/src/resource/people-3.jpg 
16:26:31.439 DEBUG 忽略文件: C:/Users/my/Documents/GitHub/Medal-of-Honor/src/resource/people-2.jpg 
16:26:31.439 DEBUG 忽略文件: C:/Users/my/Documents/GitHub/Medal-of-Honor/src/resource/people-1.jpg 
16:26:31.439 DEBUG 忽略文件: C:/Users/my/Documents/GitHub/Medal-of-Honor/src/resource/people-1.jpg 
16:26:31.439 DEBUG 忽略文件: C:/Users/my/Documents/GitHub/Medal-of-Honor/src/resource/people-3.jpg 
16:26:31.439 DEBUG 忽略文件: C:/Users/my/Documents/GitHub/Medal-of-Honor/src/resource/people-2.jpg 
16:26:31.439 DEBUG 忽略文件: C:/Users/my/Documents/GitHub/Medal-of-Honor/src/resource/people-1.jpg 
16:26:31.439 DEBUG 忽略文件: C:/Users/my/Documents/GitHub/Medal-of-Honor/src/resource/people-3.jpg 
16:26:31.439 DEBUG 忽略文件: C:/Users/my/Documents/GitHub/Medal-of-Honor/src/resource/people-3.jpg 
16:26:31.439 DEBUG 忽略文件: C:/Users/my/Documents/GitHub/Medal-of-Honor/src/resource/people-2.jpg 
16:26:31.439 DEBUG 忽略文件: C:/Users/my/Documents/GitHub/Medal-of-Honor/src/resource/people-3.jpg 
16:26:31.439 DEBUG 忽略文件: C:/Users/my/Documents/GitHub/Medal-of-Honor/src/resource/people-2.jpg 
16:26:31.439 DEBUG 忽略文件: C:/Users/my/Documents/GitHub/Medal-of-Honor/src/resource/people-1.jpg 
16:26:31.439 DEBUG 忽略文件: C:/Users/my/Documents/GitHub/Medal-of-Honor/src/resource/people-3.jpg 
16:26:31.439 DEBUG 忽略文件: C:/Users/my/Documents/GitHub/Medal-of-Honor/src/resource/people-2.jpg 
16:26:31.439 DEBUG 忽略文件: C:/Users/my/Documents/GitHub/Medal-of-Honor/src/resource/people-1.jpg 
16:26:31.439 DEBUG 忽略文件: C:/Users/my/Documents/GitHub/Medal-of-Honor/src/resource/people-3.jpg 
16:26:31.440 DEBUG 忽略文件: C:/Users/my/Documents/GitHub/Medal-of-Honor/src/resource/people-2.jpg 
16:26:31.440 DEBUG 忽略文件: C:/Users/my/Documents/GitHub/Medal-of-Honor/src/resource/people-1.jpg 
16:26:31.440 DEBUG 忽略文件: C:/Users/my/Documents/GitHub/Medal-of-Honor/src/resource/people-3.jpg 
16:26:31.440 DEBUG 忽略文件: C:/Users/my/Documents/GitHub/Medal-of-Honor/src/resource/people-2.jpg 
16:26:31.440 DEBUG 忽略文件: C:/Users/my/Documents/GitHub/Medal-of-Honor/src/resource/people-1.jpg 
16:26:31.440 DEBUG 忽略文件: C:/Users/my/Documents/GitHub/Medal-of-Honor/src/resource/people-3.jpg 
16:26:31.440 DEBUG 忽略文件: C:/Users/my/Documents/GitHub/Medal-of-Honor/src/resource/people-2.jpg 
16:26:31.440 DEBUG 忽略文件: C:/Users/my/Documents/GitHub/Medal-of-Honor/src/resource/people-1.jpg 
16:26:31.440 DEBUG 忽略文件: C:/Users/my/Documents/GitHub/Medal-of-Honor/src/resource/people-3.jpg 
16:26:31.441 DEBUG 忽略文件: C:/Users/my/Documents/GitHub/Medal-of-Honor/src/resource/left.png 
16:26:31.441 DEBUG 处理资源: ["C:/Users/my/Documents/GitHub/Medal-of-Honor/src/resource/logo.png","C:/Users/my/Documents/GitHub/Medal-of-Honor/src/resource/light.png","C:/Users/my/Documents/GitHub/Medal-of-Honor/src/resource/one-18.png","C:/Users/my/Documents/GitHub/Medal-of-Honor/src/resource/one-6.png","C:/Users/my/Documents/GitHub/Medal-of-Honor/src/resource/one-16.png","C:/Users/my/Documents/GitHub/Medal-of-Honor/src/resource/one-17.png","C:/Users/my/Documents/GitHub/Medal-of-Honor/src/resource/one-15.png","C:/Users/my/Documents/GitHub/Medal-of-Honor/src/resource/one-14.png","C:/Users/my/Documents/GitHub/Medal-of-Honor/src/resource/one-13.png","C:/Users/my/Documents/GitHub/Medal-of-Honor/src/resource/one-12.png","C:/Users/my/Documents/GitHub/Medal-of-Honor/src/resource/one-11.png","C:/Users/my/Documents/GitHub/Medal-of-Honor/src/resource/one-10.png","C:/Users/my/Documents/GitHub/Medal-of-Honor/src/resource/one-9.png","C:/Users/my/Documents/GitHub/Medal-of-Honor/src/resource/one-8.png","C:/Users/my/Documents/GitHub/Medal-of-Honor/src/resource/one-7.png","C:/Users/my/Documents/GitHub/Medal-of-Honor/src/resource/one-1.png","C:/Users/my/Documents/GitHub/Medal-of-Honor/src/resource/one-2.png","C:/Users/my/Documents/GitHub/Medal-of-Honor/src/resource/people-1.jpg","C:/Users/my/Documents/GitHub/Medal-of-Honor/src/resource/people-2.jpg","C:/Users/my/Documents/GitHub/Medal-of-Honor/src/resource/people-3.jpg","C:/Users/my/Documents/GitHub/Medal-of-Honor/src/resource/one-phone-1.png","C:/Users/my/Documents/GitHub/Medal-of-Honor/src/resource/one-phone-3.png","C:/Users/my/Documents/GitHub/Medal-of-Honor/src/resource/two-1.png","C:/Users/my/Documents/GitHub/Medal-of-Honor/src/resource/two-0.png","C:/Users/my/Documents/GitHub/Medal-of-Honor/src/resource/two-5.png","C:/Users/my/Documents/GitHub/Medal-of-Honor/src/resource/transparent.png","C:/Users/my/Documents/GitHub/Medal-of-Honor/src/resource/hand2.png","C:/Users/my/Documents/GitHub/Medal-of-Honor/src/resource/hand.png","C:/Users/my/Documents/GitHub/Medal-of-Honor/src/resource/left.png"] 
16:26:31.441 DEBUG 资源目录: C:/Users/my/Documents/GitHub/Medal-of-Honor/dist/static/resource 
16:26:31.442 DEBUG 开始美化html 
16:26:31.491 INFO  写入文件: C:\Users\my\Documents\GitHub\Medal-of-Honor\dist\static\css\owo.main.d6gp04lc8wp.css 
16:26:31.491 INFO  主要逻辑文件写出成功! 
16:26:31.491 INFO  文件写出成功! 
16:26:31.491 INFO  animation文件写出成功! 
16:26:31.494 INFO  读取成功: C:\Users\my\Documents\GitHub\Medal-of-Honor\src\main.css 
16:26:31.494 DEBUG 处理资源: ["C:/Users/my/Documents/GitHub/Medal-of-Honor/src/resource/bg.jpg"] 
16:26:31.494 DEBUG 资源目录: C:/Users/my/Documents/GitHub/Medal-of-Honor/dist/static/resource 
16:26:31.495 INFO  读取成功: C:\Users\my\Documents\GitHub\Medal-of-Honor\src\resource\swiper.js 
16:26:31.495 INFO  读取成功: C:\Users\my\Documents\GitHub\Medal-of-Honor\src\main.js 
16:26:31.584 INFO  写入文件: C:\Users\my\Documents\GitHub\Medal-of-Honor\dist\static\css\main.css 
16:26:31.587 INFO  写入文件: C:\Users\my\Documents\GitHub\Medal-of-Honor\dist\static\js\swiper.js 
16:26:31.587 INFO  写入文件: C:\Users\my\Documents\GitHub\Medal-of-Honor\dist\static\js\main.js 
